<?xml version="1.0" encoding="UTF-8" standalone="yes"?><!DOCTYPE report PUBLIC "-//JACOCO//DTD Report 1.0//EN" "report.dtd"><report name="JaCoCo"><sessioninfo id="DESKTOP-26NEN6M-c5613c2c" start="1574592122912" dump="1574592123118"/><sessioninfo id="DESKTOP-26NEN6M-5d1ee108" start="1574592345198" dump="1574592345407"/><sessioninfo id="DESKTOP-26NEN6M-53a7c430" start="1574592587227" dump="1574592587435"/><sessioninfo id="DESKTOP-26NEN6M-2d113cba" start="1574592616496" dump="1574592616702"/><sessioninfo id="DESKTOP-26NEN6M-799d7638" start="1574600114536" dump="1574600114746"/><sessioninfo id="DESKTOP-26NEN6M-8a24e5c6" start="1574600192235" dump="1574600192440"/><sessioninfo id="DESKTOP-26NEN6M-624a2438" start="1574600263667" dump="1574600263875"/><sessioninfo id="DESKTOP-26NEN6M-56b865f9" start="1574600292971" dump="1574600293183"/><sessioninfo id="DESKTOP-26NEN6M-57f7268" start="1574600316717" dump="1574600316916"/><sessioninfo id="DESKTOP-26NEN6M-907dd2a3" start="1574600335384" dump="1574600335588"/><sessioninfo id="DESKTOP-26NEN6M-9d20993c" start="1574600366637" dump="1574600366842"/><sessioninfo id="DESKTOP-26NEN6M-e102671e" start="1574600402356" dump="1574600402561"/><sessioninfo id="DESKTOP-26NEN6M-8aa27f29" start="1574600438000" dump="1574600438218"/><sessioninfo id="DESKTOP-26NEN6M-b4291753" start="1574600451947" dump="1574600452162"/><sessioninfo id="DESKTOP-26NEN6M-47d8d279" start="1574600465246" dump="1574600465452"/><sessioninfo id="DESKTOP-26NEN6M-f069ed85" start="1574600476262" dump="1574600476466"/><sessioninfo id="DESKTOP-26NEN6M-5059c25" start="1574600483402" dump="1574600483610"/><sessioninfo id="DESKTOP-26NEN6M-4bad805c" start="1574600490771" dump="1574600490988"/><sessioninfo id="DESKTOP-26NEN6M-ae6071bc" start="1574600508779" dump="1574600508977"/><sessioninfo id="DESKTOP-26NEN6M-efe54be8" start="1574600624373" dump="1574600624574"/><sessioninfo id="DESKTOP-26NEN6M-ff2546a6" start="1574600655854" dump="1574600656061"/><sessioninfo id="DESKTOP-26NEN6M-20600088" start="1574600685660" dump="1574600685859"/><sessioninfo id="DESKTOP-26NEN6M-dd219371" start="1574600728493" dump="1574600728699"/><sessioninfo id="DESKTOP-26NEN6M-f274b95f" start="1574600745784" dump="1574600745987"/><sessioninfo id="DESKTOP-26NEN6M-af6d531" start="1574600757107" dump="1574600757310"/><sessioninfo id="DESKTOP-26NEN6M-5a0c261f" start="1574600766419" dump="1574600766629"/><sessioninfo id="DESKTOP-26NEN6M-5813920" start="1574600798694" dump="1574600798896"/><sessioninfo id="DESKTOP-26NEN6M-551c82ac" start="1574600846061" dump="1574600846265"/><sessioninfo id="DESKTOP-26NEN6M-7c9c0150" start="1574600874401" dump="1574600874611"/><sessioninfo id="DESKTOP-26NEN6M-117a5dbd" start="1574600932059" dump="1574600932273"/><sessioninfo id="DESKTOP-26NEN6M-59b79601" start="1574600962915" dump="1574600963118"/><sessioninfo id="DESKTOP-26NEN6M-791b624c" start="1574600981270" dump="1574600981471"/><sessioninfo id="DESKTOP-26NEN6M-cd8b5b92" start="1574601002759" dump="1574601002966"/><sessioninfo id="DESKTOP-26NEN6M-6cc63b47" start="1574601022265" dump="1574601022478"/><sessioninfo id="DESKTOP-26NEN6M-4620afa" start="1574601039311" dump="1574601039525"/><sessioninfo id="DESKTOP-26NEN6M-2cfa079d" start="1574601042660" dump="1574601042870"/><sessioninfo id="DESKTOP-26NEN6M-83ebffa4" start="1574601092933" dump="1574601093136"/><sessioninfo id="DESKTOP-26NEN6M-e1cc104d" start="1574601134749" dump="1574601134951"/><sessioninfo id="DESKTOP-26NEN6M-746dc362" start="1574601160729" dump="1574601160936"/><sessioninfo id="DESKTOP-26NEN6M-797f29c4" start="1574601192899" dump="1574601193096"/><sessioninfo id="DESKTOP-26NEN6M-646d311f" start="1574601210330" dump="1574601210546"/><sessioninfo id="DESKTOP-26NEN6M-d9090593" start="1574601260389" dump="1574601260593"/><sessioninfo id="DESKTOP-26NEN6M-494723ae" start="1574601376770" dump="1574601376973"/><sessioninfo id="DESKTOP-26NEN6M-995767f0" start="1574601498207" dump="1574601498423"/><sessioninfo id="DESKTOP-26NEN6M-f6dcf1dc" start="1574601526914" dump="1574601527116"/><sessioninfo id="DESKTOP-26NEN6M-80c2bf21" start="1574601542712" dump="1574601542913"/><sessioninfo id="DESKTOP-26NEN6M-5b0eafb5" start="1574601551826" dump="1574601552041"/><sessioninfo id="DESKTOP-26NEN6M-59573f95" start="1574601562635" dump="1574601562849"/><sessioninfo id="DESKTOP-26NEN6M-ee02734d" start="1574601570540" dump="1574601570749"/><sessioninfo id="DESKTOP-26NEN6M-806d8b22" start="1574601580672" dump="1574601580878"/><sessioninfo id="DESKTOP-26NEN6M-27ce18ad" start="1574601626434" dump="1574601626640"/><sessioninfo id="DESKTOP-26NEN6M-139a6916" start="1574601732699" dump="1574601732904"/><sessioninfo id="DESKTOP-26NEN6M-ee154609" start="1574601748149" dump="1574601748352"/><sessioninfo id="DESKTOP-26NEN6M-c866d863" start="1574601800900" dump="1574601801106"/><sessioninfo id="DESKTOP-26NEN6M-a175bc98" start="1574601805014" dump="1574601805224"/><sessioninfo id="DESKTOP-26NEN6M-8fd83ede" start="1574601809908" dump="1574601810110"/><sessioninfo id="DESKTOP-26NEN6M-240ded99" start="1574601822439" dump="1574601822640"/><sessioninfo id="DESKTOP-26NEN6M-c2401878" start="1574601830907" dump="1574601831110"/><sessioninfo id="DESKTOP-26NEN6M-6f557ab" start="1574602613041" dump="1574602613243"/><sessioninfo id="DESKTOP-26NEN6M-2c3bb30d" start="1574603135141" dump="1574603135348"/><sessioninfo id="DESKTOP-26NEN6M-c8cddb6c" start="1574603172749" dump="1574603172961"/><sessioninfo id="DESKTOP-26NEN6M-2b290b0e" start="1574603187591" dump="1574603187798"/><sessioninfo id="DESKTOP-26NEN6M-18c9076c" start="1574603213244" dump="1574603213443"/><sessioninfo id="DESKTOP-26NEN6M-2176c185" start="1574603252588" dump="1574603252794"/><sessioninfo id="DESKTOP-26NEN6M-5c8ced8b" start="1574603267900" dump="1574603268115"/><sessioninfo id="DESKTOP-26NEN6M-176e623f" start="1574603308855" dump="1574603309055"/><sessioninfo id="DESKTOP-26NEN6M-86287db2" start="1574603333349" dump="1574603333570"/><sessioninfo id="DESKTOP-26NEN6M-d800cf38" start="1574603366622" dump="1574603366836"/><sessioninfo id="DESKTOP-26NEN6M-cab08036" start="1574603388934" dump="1574603389146"/><sessioninfo id="DESKTOP-26NEN6M-e09dacb0" start="1574603418036" dump="1574603418235"/><sessioninfo id="DESKTOP-26NEN6M-f94adbab" start="1574603432571" dump="1574603432772"/><sessioninfo id="DESKTOP-26NEN6M-e8c4e449" start="1574603464010" dump="1574603464217"/><sessioninfo id="DESKTOP-26NEN6M-3ac58a84" start="1574603478211" dump="1574603478414"/><sessioninfo id="DESKTOP-26NEN6M-7bfc3726" start="1574603497032" dump="1574603497231"/><sessioninfo id="DESKTOP-26NEN6M-5df9bccb" start="1574603907276" dump="1574603907498"/><sessioninfo id="DESKTOP-26NEN6M-fa8d3fb" start="1574604173255" dump="1574604173457"/><sessioninfo id="DESKTOP-26NEN6M-897ee879" start="1574604206615" dump="1574604206819"/><sessioninfo id="DESKTOP-26NEN6M-d470ced1" start="1574604217630" dump="1574604217832"/><sessioninfo id="DESKTOP-26NEN6M-664204f2" start="1574604251381" dump="1574604251586"/><sessioninfo id="DESKTOP-26NEN6M-aa2b5e70" start="1574604273662" dump="1574604273870"/><sessioninfo id="DESKTOP-26NEN6M-dc1bcf14" start="1574604302602" dump="1574604302814"/><sessioninfo id="DESKTOP-26NEN6M-769efe23" start="1574604306909" dump="1574604307113"/><sessioninfo id="DESKTOP-26NEN6M-24efc056" start="1574604390332" dump="1574604390536"/><package name="com/test/jacoco"><class name="com/test/jacoco/HelloWorld"><method name="&lt;init&gt;" desc="()V" line="7"><counter type="INSTRUCTION" missed="0" covered="3"/><counter type="LINE" missed="0" covered="2"/><counter type="COMPLEXITY" missed="0" covered="1"/><counter type="METHOD" missed="0" covered="1"/></method><method name="Method1" desc="()Ljava/lang/String;" line="12"><counter type="INSTRUCTION" missed="0" covered="2"/><counter type="LINE" missed="0" covered="1"/><counter type="COMPLEXITY" missed="0" covered="1"/><counter type="METHOD" missed="0" covered="1"/></method><method name="Method2" desc="(II)I" line="16"><counter type="INSTRUCTION" missed="0" covered="4"/><counter type="LINE" missed="0" covered="1"/><counter type="COMPLEXITY" missed="0" covered="1"/><counter type="METHOD" missed="0" covered="1"/></method><method name="Method3" desc="(III)I" line="20"><counter type="INSTRUCTION" missed="0" covered="26"/><counter type="BRANCH" missed="0" covered="10"/><counter type="LINE" missed="0" covered="8"/><counter type="COMPLEXITY" missed="0" covered="6"/><counter type="METHOD" missed="0" covered="1"/></method><method name="Method4" desc="(IIIIF)I" line="32"><counter type="INSTRUCTION" missed="0" covered="27"/><counter type="BRANCH" missed="0" covered="8"/><counter type="LINE" missed="0" covered="8"/><counter type="COMPLEXITY" missed="0" covered="5"/><counter type="METHOD" missed="0" covered="1"/></method><method name="bug" desc="(I)Z" line="46"><counter type="INSTRUCTION" missed="0" covered="7"/><counter type="BRANCH" missed="0" covered="2"/><counter type="LINE" missed="0" covered="2"/><counter type="COMPLEXITY" missed="0" covered="2"/><counter type="METHOD" missed="0" covered="1"/></method><method name="isTriangle" desc="(III)Z" line="56"><counter type="INSTRUCTION" missed="0" covered="19"/><counter type="BRANCH" missed="0" covered="6"/><counter type="LINE" missed="0" covered="3"/><counter type="COMPLEXITY" missed="0" covered="4"/><counter type="METHOD" missed="0" covered="1"/></method><method name="isBirthday" desc="(III)Z" line="66"><counter type="INSTRUCTION" missed="0" covered="73"/><counter type="BRANCH" missed="0" covered="38"/><counter type="LINE" missed="0" covered="11"/><counter type="COMPLEXITY" missed="0" covered="20"/><counter type="METHOD" missed="0" covered="1"/></method><method name="miniCalculator" desc="(DDC)Ljava/lang/Double;" line="88"><counter type="INSTRUCTION" missed="0" covered="33"/><counter type="BRANCH" missed="0" covered="8"/><counter type="LINE" missed="0" covered="6"/><counter type="COMPLEXITY" missed="0" covered="5"/><counter type="METHOD" missed="0" covered="1"/></method><counter type="INSTRUCTION" missed="0" covered="194"/><counter type="BRANCH" missed="0" covered="72"/><counter type="LINE" missed="0" covered="42"/><counter type="COMPLEXITY" missed="0" covered="45"/><counter type="METHOD" missed="0" covered="9"/><counter type="CLASS" missed="0" covered="1"/></class><sourcefile name="HelloWorld.java"><line nr="7" mi="0" ci="2" mb="0" cb="0"/><line nr="9" mi="0" ci="1" mb="0" cb="0"/><line nr="12" mi="0" ci="2" mb="0" cb="0"/><line nr="16" mi="0" ci="4" mb="0" cb="0"/><line nr="20" mi="0" ci="7" mb="0" cb="6"/><line nr="21" mi="0" ci="3" mb="0" cb="0"/><line nr="22" mi="0" ci="1" mb="0" cb="0"/><line nr="23" mi="0" ci="6" mb="0" cb="4"/><line nr="24" mi="0" ci="3" mb="0" cb="0"/><line nr="25" mi="0" ci="1" mb="0" cb="0"/><line nr="27" mi="0" ci="3" mb="0" cb="0"/><line nr="29" mi="0" ci="2" mb="0" cb="0"/><line nr="32" mi="0" ci="2" mb="0" cb="2"/><line nr="33" mi="0" ci="2" mb="0" cb="0"/><line nr="35" mi="0" ci="2" mb="0" cb="0"/><line nr="36" mi="0" ci="10" mb="0" cb="6"/><line nr="37" mi="0" ci="2" mb="0" cb="0"/><line nr="40" mi="0" ci="5" mb="0" cb="0"/><line nr="41" mi="0" ci="2" mb="0" cb="0"/><line nr="43" mi="0" ci="2" mb="0" cb="0"/><line nr="46" mi="0" ci="5" mb="0" cb="2"/><line nr="47" mi="0" ci="2" mb="0" cb="0"/><line nr="56" mi="0" ci="15" mb="0" cb="6"/><line nr="57" mi="0" ci="2" mb="0" cb="0"/><line nr="58" mi="0" ci="2" mb="0" cb="0"/><line nr="66" mi="0" ci="8" mb="0" cb="4"/><line nr="67" mi="0" ci="7" mb="0" cb="4"/><line nr="68" mi="0" ci="4" mb="0" cb="2"/><line nr="69" mi="0" ci="21" mb="0" cb="14"/><line nr="70" mi="0" ci="5" mb="0" cb="2"/><line nr="72" mi="0" ci="3" mb="0" cb="2"/><line nr="73" mi="0" ci="8" mb="0" cb="4"/><line nr="74" mi="0" ci="5" mb="0" cb="2"/><line nr="75" mi="0" ci="5" mb="0" cb="2"/><line nr="77" mi="0" ci="5" mb="0" cb="2"/><line nr="79" mi="0" ci="2" mb="0" cb="0"/><line nr="88" mi="0" ci="2" mb="0" cb="0"/><line nr="89" mi="0" ci="7" mb="0" cb="2"/><line nr="90" mi="0" ci="7" mb="0" cb="2"/><line nr="91" mi="0" ci="7" mb="0" cb="2"/><line nr="92" mi="0" ci="7" mb="0" cb="2"/><line nr="93" mi="0" ci="3" mb="0" cb="0"/><counter type="INSTRUCTION" missed="0" covered="194"/><counter type="BRANCH" missed="0" covered="72"/><counter type="LINE" missed="0" covered="42"/><counter type="COMPLEXITY" missed="0" covered="45"/><counter type="METHOD" missed="0" covered="9"/><counter type="CLASS" missed="0" covered="1"/></sourcefile><counter type="INSTRUCTION" missed="0" covered="194"/><counter type="BRANCH" missed="0" covered="72"/><counter type="LINE" missed="0" covered="42"/><counter type="COMPLEXITY" missed="0" covered="45"/><counter type="METHOD" missed="0" covered="9"/><counter type="CLASS" missed="0" covered="1"/></package><counter type="INSTRUCTION" missed="0" covered="194"/><counter type="BRANCH" missed="0" covered="72"/><counter type="LINE" missed="0" covered="42"/><counter type="COMPLEXITY" missed="0" covered="45"/><counter type="METHOD" missed="0" covered="9"/><counter type="CLASS" missed="0" covered="1"/></report>